#
# A fatal error has been detected by the Java Runtime Environment:
#
#  SIGSEGV (0xb) at pc=0x00007fbfa1b708d0, pid=4103, tid=139890765637376
#
# JRE version: 6.0_20-b20
# Java VM: OpenJDK 64-Bit Server VM (19.0-b09 mixed mode linux-amd64 compressed oops)
# Derivative: IcedTea6 1.9.9
# Distribution: Ubuntu 10.04.1 LTS, package 6b20-1.9.9-0ubuntu1~10.04.2
# Problematic frame:
# C  0x00007fbfa1b708d0
#
# If you would like to submit a bug report, please include
# instructions how to reproduce the bug and visit:
#   https://bugs.launchpad.net/ubuntu/+source/openjdk-6/
#

---------------  T H R E A D  ---------------

Current thread (0x000000000067f800):  JavaThread "main" [_thread_in_Java, id=4104, stack(0x00007f3adb54a000,0x00007f3adb64b000)]

siginfo:si_signo=SIGSEGV: si_errno=0, si_code=1 (SEGV_MAPERR), si_addr=0x00007fbfa1b708d0

Registers:
RAX=0x00007fbfa1b708d0, RBX=0x0000000000000001, RCX=0x0000000000000e92, RDX=0x0000000000000000
RSP=0x00007f3adb649728, RBP=0x00007f3adb649750, RSI=0x00007f3adb649750, RDI=0x0000000000000001
R8 =0x0000000000000000, R9 =0x0000000000000000, R10=0x00007f3ada321260, R11=0x00000000b8d4ea78
R12=0x0000000000000000, R13=0x00000000ef4d42d8, R14=0x0000000000000004, R15=0x000000000067f800
RIP=0x00007fbfa1b708d0, EFL=0x0000000000010202, CSGSFS=0x0000000000000033, ERR=0x0000000000000014
  TRAPNO=0x000000000000000e

Register to memory mapping:

RAX=0x00007fbfa1b708d0
0x00007fbfa1b708d0 is pointing to unknown location

RBX=0x0000000000000001
0x0000000000000001 is pointing to unknown location

RCX=0x0000000000000e92
0x0000000000000e92 is pointing to unknown location

RDX=0x0000000000000000
0x0000000000000000 is pointing to unknown location

RSP=0x00007f3adb649728
0x00007f3adb649728 is pointing into the stack for thread: 0x000000000067f800
"main" prio=10 tid=0x000000000067f800 nid=0x1008 runnable [0x0000000000000000]
   java.lang.Thread.State: RUNNABLE

RBP=0x00007f3adb649750
0x00007f3adb649750 is pointing into the stack for thread: 0x000000000067f800
"main" prio=10 tid=0x000000000067f800 nid=0x1008 runnable [0x0000000000000000]
   java.lang.Thread.State: RUNNABLE

RSI=0x00007f3adb649750
0x00007f3adb649750 is pointing into the stack for thread: 0x000000000067f800
"main" prio=10 tid=0x000000000067f800 nid=0x1008 runnable [0x0000000000000000]
   java.lang.Thread.State: RUNNABLE

RDI=0x0000000000000001
0x0000000000000001 is pointing to unknown location

R8 =0x0000000000000000
0x0000000000000000 is pointing to unknown location

R9 =0x0000000000000000
0x0000000000000000 is pointing to unknown location

R10=0x00007f3ada321260
0x00007f3ada321260: <offset 0x5de260> in /usr/lib/jvm/java-6-openjdk/jre/lib/amd64/server/libjvm.so at 0x00007f3ad9d43000

R11=0x00000000b8d4ea78
{instance class} 
 - klass: {other class}

R12=0x0000000000000000
0x0000000000000000 is pointing to unknown location

R13=0x00000000ef4d42d8

[error occurred during error reporting (printing registers, top of stack, instructions near pc), id 0xe0000000]

Stack: [0x00007f3adb54a000,0x00007f3adb64b000],  sp=0x00007f3adb649728,  free space=1021k
Native frames: (J=compiled Java code, j=interpreted, Vv=VM code, C=native code)
C  0x00007fbfa1b708d0


---------------  P R O C E S S  ---------------

Java Threads: ( => current thread )
  0x00007f3ad0027800 JavaThread "Low Memory Detector" daemon [_thread_blocked, id=4117, stack(0x00007f3ad461a000,0x00007f3ad471b000)]
  0x00007f3ad0025000 JavaThread "CompilerThread1" daemon [_thread_blocked, id=4116, stack(0x00007f3ad471b000,0x00007f3ad481c000)]
  0x00007f3ad0022000 JavaThread "CompilerThread0" daemon [_thread_blocked, id=4115, stack(0x00007f3ad481c000,0x00007f3ad491d000)]
  0x00007f3ad0020800 JavaThread "Signal Dispatcher" daemon [_thread_blocked, id=4114, stack(0x00007f3ad491d000,0x00007f3ad4a1e000)]
  0x00007f3ad0001000 JavaThread "Finalizer" daemon [_thread_blocked, id=4113, stack(0x00007f3ad4a5d000,0x00007f3ad4b5e000)]
  0x00000000006eb000 JavaThread "Reference Handler" daemon [_thread_blocked, id=4112, stack(0x00007f3ad4b5e000,0x00007f3ad4c5f000)]
=>0x000000000067f800 JavaThread "main" [_thread_in_Java, id=4104, stack(0x00007f3adb54a000,0x00007f3adb64b000)]

Other Threads:
  0x00000000006e4000 VMThread [stack: 0x00007f3ad4c5f000,0x00007f3ad4d60000] [id=4111]
  0x00007f3ad002a000 WatcherThread [stack: 0x00007f3ad4519000,0x00007f3ad461a000] [id=4118]

VM state:not at safepoint (normal execution)

VM Mutex/Monitor currently owned by a thread: None

Heap
 PSYoungGen      total 61248K, used 60564K [0x00000000ebab0000, 0x00000000f80a0000, 0x0000000100000000)
  eden space 61184K, 98% used [0x00000000ebab0000,0x00000000ef5cd1b8,0x00000000ef670000)
  from space 64K, 50% used [0x00000000f8080000,0x00000000f8088000,0x00000000f8090000)
  to   space 64K, 0% used [0x00000000f8090000,0x00000000f8090000,0x00000000f80a0000)
 PSOldGen        total 23424K, used 11720K [0x00000000c3000000, 0x00000000c46e0000, 0x00000000ebab0000)
  object space 23424K, 50% used [0x00000000c3000000,0x00000000c3b72258,0x00000000c46e0000)
 PSPermGen       total 21248K, used 3576K [0x00000000b8a00000, 0x00000000b9ec0000, 0x00000000c3000000)
  object space 21248K, 16% used [0x00000000b8a00000,0x00000000b8d7e230,0x00000000b9ec0000)

Dynamic libraries:
00400000-00409000 r-xp 00000000 08:07 770600                             /usr/lib/jvm/java-6-openjdk/jre/bin/java
00608000-00609000 r--p 00008000 08:07 770600                             /usr/lib/jvm/java-6-openjdk/jre/bin/java
00609000-0060a000 rw-p 00009000 08:07 770600                             /usr/lib/jvm/java-6-openjdk/jre/bin/java
00676000-02f15000 rw-p 00000000 00:00 0                                  [heap]
b8a00000-b9ec0000 rw-p 00000000 00:00 0 
b9ec0000-c3000000 rw-p 00000000 00:00 0 
c3000000-c46e0000 rw-p 00000000 00:00 0 
c46e0000-c58b0000 ---p 00000000 00:00 0 
c58b0000-ebab0000 rw-p 00000000 00:00 0 
ebab0000-f80a0000 rw-p 00000000 00:00 0 
f80a0000-100000000 rw-p 00000000 00:00 0 
7f3ad0000000-7f3ad294d000 rw-p 00000000 00:00 0 
7f3ad294d000-7f3ad4000000 ---p 00000000 00:00 0 
7f3ad4519000-7f3ad451a000 ---p 00000000 00:00 0 
7f3ad451a000-7f3ad461a000 rw-p 00000000 00:00 0 
7f3ad461a000-7f3ad461d000 ---p 00000000 00:00 0 
7f3ad461d000-7f3ad471b000 rw-p 00000000 00:00 0 
7f3ad471b000-7f3ad471e000 ---p 00000000 00:00 0 
7f3ad471e000-7f3ad481c000 rw-p 00000000 00:00 0 
7f3ad481c000-7f3ad481f000 ---p 00000000 00:00 0 
7f3ad481f000-7f3ad491d000 rw-p 00000000 00:00 0 
7f3ad491d000-7f3ad4920000 ---p 00000000 00:00 0 
7f3ad4920000-7f3ad4a1e000 rw-p 00000000 00:00 0 
7f3ad4a1e000-7f3ad4a5d000 r--p 00000000 08:07 688130                     /usr/lib/locale/en_US.utf8/LC_CTYPE
7f3ad4a5d000-7f3ad4a60000 ---p 00000000 00:00 0 
7f3ad4a60000-7f3ad4b5e000 rw-p 00000000 00:00 0 
7f3ad4b5e000-7f3ad4b61000 ---p 00000000 00:00 0 
7f3ad4b61000-7f3ad4c5f000 rw-p 00000000 00:00 0 
7f3ad4c5f000-7f3ad4c60000 ---p 00000000 00:00 0 
7f3ad4c60000-7f3ad5063000 rw-p 00000000 00:00 0 
7f3ad5063000-7f3ad5065000 r--s 0001d000 08:07 763680                     /usr/lib/jvm/java-6-openjdk/jre/lib/plugin.jar
7f3ad5065000-7f3ad506a000 r--s 00045000 08:07 763679                     /usr/lib/jvm/java-6-openjdk/jre/lib/netx.jar
7f3ad506a000-7f3ad509d000 rw-p 00000000 00:00 0 
7f3ad509d000-7f3ad522c000 r--s 038c2000 08:07 763395                     /usr/lib/jvm/java-6-openjdk/jre/lib/rt.jar
7f3ad522c000-7f3ad5254000 rw-p 00000000 00:00 0 
7f3ad5254000-7f3ad5255000 ---p 00000000 00:00 0 
7f3ad5255000-7f3ad5355000 rw-p 00000000 00:00 0 
7f3ad5355000-7f3ad5356000 ---p 00000000 00:00 0 
7f3ad5356000-7f3ad5461000 rw-p 00000000 00:00 0 
7f3ad5461000-7f3ad54a9000 rw-p 00000000 00:00 0 
7f3ad54a9000-7f3ad54b5000 rw-p 00000000 00:00 0 
7f3ad54b5000-7f3ad54be000 ---p 00000000 00:00 0 
7f3ad54be000-7f3ad55ef000 rw-p 00000000 00:00 0 
7f3ad55ef000-7f3ad55fa000 rw-p 00000000 00:00 0 
7f3ad55fa000-7f3ad5642000 rw-p 00000000 00:00 0 
7f3ad5642000-7f3ad564e000 rw-p 00000000 00:00 0 
7f3ad564e000-7f3ad5657000 ---p 00000000 00:00 0 
7f3ad5657000-7f3ad5787000 rw-p 00000000 00:00 0 
7f3ad5787000-7f3ad57eb000 rw-p 00000000 00:00 0 
7f3ad57eb000-7f3ad582a000 rw-p 00000000 00:00 0 
7f3ad582a000-7f3ad582b000 rw-p 00000000 00:00 0 
7f3ad582b000-7f3ad5a9b000 rwxp 00000000 00:00 0 
7f3ad5a9b000-7f3ad882b000 rw-p 00000000 00:00 0 
7f3ad882b000-7f3ad8832000 r-xp 00000000 08:07 770636                     /usr/lib/jvm/java-6-openjdk/jre/lib/amd64/libzip.so
7f3ad8832000-7f3ad8a31000 ---p 00007000 08:07 770636                     /usr/lib/jvm/java-6-openjdk/jre/lib/amd64/libzip.so
7f3ad8a31000-7f3ad8a32000 r--p 00006000 08:07 770636                     /usr/lib/jvm/java-6-openjdk/jre/lib/amd64/libzip.so
7f3ad8a32000-7f3ad8a33000 rw-p 00007000 08:07 770636                     /usr/lib/jvm/java-6-openjdk/jre/lib/amd64/libzip.so
7f3ad8a33000-7f3ad8a3f000 r-xp 00000000 08:07 108144                     /lib/libnss_files-2.11.1.so
7f3ad8a3f000-7f3ad8c3e000 ---p 0000c000 08:07 108144                     /lib/libnss_files-2.11.1.so
7f3ad8c3e000-7f3ad8c3f000 r--p 0000b000 08:07 108144                     /lib/libnss_files-2.11.1.so
7f3ad8c3f000-7f3ad8c40000 rw-p 0000c000 08:07 108144                     /lib/libnss_files-2.11.1.so
7f3ad8c40000-7f3ad8c4a000 r-xp 00000000 08:07 108146                     /lib/libnss_nis-2.11.1.so
7f3ad8c4a000-7f3ad8e49000 ---p 0000a000 08:07 108146                     /lib/libnss_nis-2.11.1.so
7f3ad8e49000-7f3ad8e4a000 r--p 00009000 08:07 108146                     /lib/libnss_nis-2.11.1.so
7f3ad8e4a000-7f3ad8e4b000 rw-p 0000a000 08:07 108146                     /lib/libnss_nis-2.11.1.so
7f3ad8e4b000-7f3ad8e53000 r-xp 00000000 08:07 108142                     /lib/libnss_compat-2.11.1.so
7f3ad8e53000-7f3ad9052000 ---p 00008000 08:07 108142                     /lib/libnss_compat-2.11.1.so
7f3ad9052000-7f3ad9053000 r--p 00007000 08:07 108142                     /lib/libnss_compat-2.11.1.so
7f3ad9053000-7f3ad9054000 rw-p 00008000 08:07 108142                     /lib/libnss_compat-2.11.1.so
7f3ad9054000-7f3ad905c000 r-xp 00000000 08:07 770645                     /usr/lib/jvm/java-6-openjdk/jre/lib/amd64/native_threads/libhpi.so
7f3ad905c000-7f3ad925b000 ---p 00008000 08:07 770645                     /usr/lib/jvm/java-6-openjdk/jre/lib/amd64/native_threads/libhpi.so
7f3ad925b000-7f3ad925c000 r--p 00007000 08:07 770645                     /usr/lib/jvm/java-6-openjdk/jre/lib/amd64/native_threads/libhpi.so
7f3ad925c000-7f3ad925d000 rw-p 00008000 08:07 770645                     /usr/lib/jvm/java-6-openjdk/jre/lib/amd64/native_threads/libhpi.so
7f3ad925d000-7f3ad9274000 r-xp 00000000 08:07 108141                     /lib/libnsl-2.11.1.so
7f3ad9274000-7f3ad9473000 ---p 00017000 08:07 108141                     /lib/libnsl-2.11.1.so
7f3ad9473000-7f3ad9474000 r--p 00016000 08:07 108141                     /lib/libnsl-2.11.1.so
7f3ad9474000-7f3ad9475000 rw-p 00017000 08:07 108141                     /lib/libnsl-2.11.1.so
7f3ad9475000-7f3ad9477000 rw-p 00000000 00:00 0 
7f3ad9477000-7f3ad94a4000 r-xp 00000000 08:07 770635                     /usr/lib/jvm/java-6-openjdk/jre/lib/amd64/libjava.so
7f3ad94a4000-7f3ad96a3000 ---p 0002d000 08:07 770635                     /usr/lib/jvm/java-6-openjdk/jre/lib/amd64/libjava.so
7f3ad96a3000-7f3ad96a4000 r--p 0002c000 08:07 770635                     /usr/lib/jvm/java-6-openjdk/jre/lib/amd64/libjava.so
7f3ad96a4000-7f3ad96a7000 rw-p 0002d000 08:07 770635                     /usr/lib/jvm/java-6-openjdk/jre/lib/amd64/libjava.so
7f3ad96a7000-7f3ad96b6000 r-xp 00000000 08:07 770619                     /usr/lib/jvm/java-6-openjdk/jre/lib/amd64/libverify.so
7f3ad96b6000-7f3ad98b5000 ---p 0000f000 08:07 770619                     /usr/lib/jvm/java-6-openjdk/jre/lib/amd64/libverify.so
7f3ad98b5000-7f3ad98b7000 r--p 0000e000 08:07 770619                     /usr/lib/jvm/java-6-openjdk/jre/lib/amd64/libverify.so
7f3ad98b7000-7f3ad98b8000 rw-p 00010000 08:07 770619                     /usr/lib/jvm/java-6-openjdk/jre/lib/amd64/libverify.so
7f3ad98b8000-7f3ad98bf000 r-xp 00000000 08:07 108151                     /lib/librt-2.11.1.so
7f3ad98bf000-7f3ad9abe000 ---p 00007000 08:07 108151                     /lib/librt-2.11.1.so
7f3ad9abe000-7f3ad9abf000 r--p 00006000 08:07 108151                     /lib/librt-2.11.1.so
7f3ad9abf000-7f3ad9ac0000 rw-p 00007000 08:07 108151                     /lib/librt-2.11.1.so
7f3ad9ac0000-7f3ad9b42000 r-xp 00000000 08:07 108139                     /lib/libm-2.11.1.so
7f3ad9b42000-7f3ad9d41000 ---p 00082000 08:07 108139                     /lib/libm-2.11.1.so
7f3ad9d41000-7f3ad9d42000 r--p 00081000 08:07 108139                     /lib/libm-2.11.1.so
7f3ad9d42000-7f3ad9d43000 rw-p 00082000 08:07 108139                     /lib/libm-2.11.1.so
7f3ad9d43000-7f3ada5c9000 r-xp 00000000 08:07 770638                     /usr/lib/jvm/java-6-openjdk/jre/lib/amd64/server/libjvm.so
7f3ada5c9000-7f3ada7c8000 ---p 00886000 08:07 770638                     /usr/lib/jvm/java-6-openjdk/jre/lib/amd64/server/libjvm.so
7f3ada7c8000-7f3ada83e000 r--p 00885000 08:07 770638                     /usr/lib/jvm/java-6-openjdk/jre/lib/amd64/server/libjvm.so
7f3ada83e000-7f3ada859000 rw-p 008fb000 08:07 770638                     /usr/lib/jvm/java-6-openjdk/jre/lib/amd64/server/libjvm.so
7f3ada859000-7f3ada892000 rw-p 00000000 00:00 0 
7f3ada892000-7f3adaa0c000 r-xp 00000000 08:07 108133                     /lib/libc-2.11.1.so
7f3adaa0c000-7f3adac0b000 ---p 0017a000 08:07 108133                     /lib/libc-2.11.1.so
7f3adac0b000-7f3adac0f000 r--p 00179000 08:07 108133                     /lib/libc-2.11.1.so
7f3adac0f000-7f3adac10000 rw-p 0017d000 08:07 108133                     /lib/libc-2.11.1.so
7f3adac10000-7f3adac15000 rw-p 00000000 00:00 0 
7f3adac15000-7f3adac17000 r-xp 00000000 08:07 108138                     /lib/libdl-2.11.1.so
7f3adac17000-7f3adae17000 ---p 00002000 08:07 108138                     /lib/libdl-2.11.1.so
7f3adae17000-7f3adae18000 r--p 00002000 08:07 108138                     /lib/libdl-2.11.1.so
7f3adae18000-7f3adae19000 rw-p 00003000 08:07 108138                     /lib/libdl-2.11.1.so
7f3adae19000-7f3adae1d000 r-xp 00000000 08:07 770617                     /usr/lib/jvm/java-6-openjdk/jre/lib/amd64/jli/libjli.so
7f3adae1d000-7f3adb01c000 ---p 00004000 08:07 770617                     /usr/lib/jvm/java-6-openjdk/jre/lib/amd64/jli/libjli.so
7f3adb01c000-7f3adb01d000 r--p 00003000 08:07 770617                     /usr/lib/jvm/java-6-openjdk/jre/lib/amd64/jli/libjli.so
7f3adb01d000-7f3adb01e000 rw-p 00004000 08:07 770617                     /usr/lib/jvm/java-6-openjdk/jre/lib/amd64/jli/libjli.so
7f3adb01e000-7f3adb036000 r-xp 00000000 08:07 108149                     /lib/libpthread-2.11.1.so
7f3adb036000-7f3adb235000 ---p 00018000 08:07 108149                     /lib/libpthread-2.11.1.so
7f3adb235000-7f3adb236000 r--p 00017000 08:07 108149                     /lib/libpthread-2.11.1.so
7f3adb236000-7f3adb237000 rw-p 00018000 08:07 108149                     /lib/libpthread-2.11.1.so
7f3adb237000-7f3adb23b000 rw-p 00000000 00:00 0 
7f3adb23b000-7f3adb251000 r-xp 00000000 08:07 106732                     /lib/libz.so.1.2.3.3
7f3adb251000-7f3adb450000 ---p 00016000 08:07 106732                     /lib/libz.so.1.2.3.3
7f3adb450000-7f3adb451000 r--p 00015000 08:07 106732                     /lib/libz.so.1.2.3.3
7f3adb451000-7f3adb452000 rw-p 00016000 08:07 106732                     /lib/libz.so.1.2.3.3
7f3adb452000-7f3adb472000 r-xp 00000000 08:07 106654                     /lib/ld-2.11.1.so
7f3adb481000-7f3adb485000 r--s 0007c000 08:07 763675                     /usr/lib/jvm/java-6-openjdk/jre/lib/jsse.jar
7f3adb485000-7f3adb48a000 r--s 00043000 08:06 280002                     /home/aploetz/Downloads/mongo-2.7.3.jar
7f3adb48a000-7f3adb494000 rw-p 00000000 00:00 0 
7f3adb494000-7f3adb54a000 rw-p 00000000 00:00 0 
7f3adb54a000-7f3adb54d000 ---p 00000000 00:00 0 
7f3adb54d000-7f3adb650000 rw-p 00000000 00:00 0 
7f3adb652000-7f3adb655000 r--s 0000f000 08:07 763628                     /usr/lib/jvm/java-6-openjdk/jre/lib/ext/pulse-java.jar
7f3adb655000-7f3adb65e000 r--s 00065000 08:07 756827                     /usr/share/java/gnome-java-bridge.jar
7f3adb65e000-7f3adb665000 r--s 00000000 08:07 725096                     /usr/lib/gconv/gconv-modules.cache
7f3adb665000-7f3adb66d000 rw-s 00000000 08:07 16471                      /tmp/hsperfdata_aploetz/4103
7f3adb66d000-7f3adb66e000 rw-p 00000000 00:00 0 
7f3adb66e000-7f3adb66f000 r--p 00000000 00:00 0 
7f3adb66f000-7f3adb671000 rw-p 00000000 00:00 0 
7f3adb671000-7f3adb672000 r--p 0001f000 08:07 106654                     /lib/ld-2.11.1.so
7f3adb672000-7f3adb673000 rw-p 00020000 08:07 106654                     /lib/ld-2.11.1.so
7f3adb673000-7f3adb674000 rw-p 00000000 00:00 0 
7fffa1b00000-7fffa1b15000 rw-p 00000000 00:00 0                          [stack]
7fffa1b70000-7fffa1b71000 r-xp 00000000 00:00 0                          [vdso]
ffffffffff600000-ffffffffff601000 r-xp 00000000 00:00 0                  [vsyscall]

VM Arguments:
jvm_args: -Dfile.encoding=UTF-8 
java_command: www.aaronstechcenter.com.datatools.DataTools
Launcher Type: SUN_STANDARD

Environment Variables:
PATH=/usr/local/sbin:/usr/local/bin:/usr/sbin:/usr/bin:/sbin:/bin:/usr/games
USERNAME=aploetz
LD_LIBRARY_PATH=/usr/lib/jvm/java-6-openjdk/jre/lib/amd64/server:/usr/lib/jvm/java-6-openjdk/jre/lib/amd64:/usr/lib/jvm/java-6-openjdk/jre/../lib/amd64:/usr/lib/xulrunner-1.9.2.18
SHELL=/bin/bash
DISPLAY=:0.0

Signal Handlers:
SIGSEGV: [libjvm.so+0x724020], sa_mask[0]=0x7ffbfeff, sa_flags=0x10000004
SIGBUS: [libjvm.so+0x724020], sa_mask[0]=0x7ffbfeff, sa_flags=0x10000004
SIGFPE: [libjvm.so+0x5e0850], sa_mask[0]=0x7ffbfeff, sa_flags=0x10000004
SIGPIPE: [libjvm.so+0x5e0850], sa_mask[0]=0x7ffbfeff, sa_flags=0x10000004
SIGXFSZ: [libjvm.so+0x5e0850], sa_mask[0]=0x7ffbfeff, sa_flags=0x10000004
SIGILL: [libjvm.so+0x5e0850], sa_mask[0]=0x7ffbfeff, sa_flags=0x10000004
SIGUSR1: SIG_DFL, sa_mask[0]=0x00000000, sa_flags=0x00000000
SIGUSR2: [libjvm.so+0x5dff60], sa_mask[0]=0x00000004, sa_flags=0x10000004
SIGHUP: [libjvm.so+0x5e29d0], sa_mask[0]=0x7ffbfeff, sa_flags=0x10000004
SIGINT: [libjvm.so+0x5e29d0], sa_mask[0]=0x7ffbfeff, sa_flags=0x10000004
SIGTERM: [libjvm.so+0x5e29d0], sa_mask[0]=0x7ffbfeff, sa_flags=0x10000004
SIGQUIT: [libjvm.so+0x5e29d0], sa_mask[0]=0x7ffbfeff, sa_flags=0x10000004


---------------  S Y S T E M  ---------------

OS:Ubuntu 10.04 (lucid)
uname:Linux 2.6.32-33-server #71-Ubuntu SMP Wed Jul 20 17:42:25 UTC 2011 x86_64
libc:glibc 2.11.1 NPTL 2.11.1 
rlimit: STACK 8192k, CORE 0k, NPROC infinity, NOFILE 1024, AS infinity
load average:1.10 1.21 1.08

/proc/meminfo:
MemTotal:        3993716 kB
MemFree:           29976 kB
Buffers:           36680 kB
Cached:           808740 kB
SwapCached:            0 kB
Active:          1511436 kB
Inactive:         815240 kB
Active(anon):    1187700 kB
Inactive(anon):   490412 kB
Active(file):     323736 kB
Inactive(file):   324828 kB
Unevictable:     1395032 kB
Mlocked:         1395032 kB
SwapTotal:             0 kB
SwapFree:              0 kB
Dirty:              7244 kB
Writeback:             0 kB
AnonPages:       2876532 kB
Mapped:           261216 kB
Shmem:            177648 kB
Slab:              57088 kB
SReclaimable:      38160 kB
SUnreclaim:        18928 kB
KernelStack:        3384 kB
PageTables:        39076 kB
NFS_Unstable:          0 kB
Bounce:                0 kB
WritebackTmp:          0 kB
CommitLimit:     1996856 kB
Committed_AS:    5284500 kB
VmallocTotal:   34359738367 kB
VmallocUsed:      344812 kB
VmallocChunk:   34359381956 kB
HardwareCorrupted:     0 kB
HugePages_Total:       0
HugePages_Free:        0
HugePages_Rsvd:        0
HugePages_Surp:        0
Hugepagesize:       2048 kB
DirectMap4k:      949184 kB
DirectMap2M:     3178496 kB


CPU:total 2 (2 cores per cpu, 1 threads per core) family 15 model 67 stepping 3, cmov, cx8, fxsr, mmx, sse, sse2, sse3, mmxext, 3dnow, 3dnowext

Memory: 4k page, physical 3993716k(29976k free), swap 0k(0k free)

vm_info: OpenJDK 64-Bit Server VM (19.0-b09) for linux-amd64 JRE (1.6.0_20-b20), built on Jul 22 2011 01:26:54 by "buildd" with gcc 4.4.3

time: Sat Aug 25 09:36:51 2012
elapsed time: 1137 seconds

